<?xml version="1.0" encoding="UTF-8"?>
<testsuite name="SILab2Test" tests="2" skipped="0" failures="0" errors="0" timestamp="2021-05-25T13:53:41" hostname="DESKTOP-0GTKHGU" time="0.024">
  <properties/>
  <testcase name="everyBranch()" classname="SILab2Test" time="0.02"/>
  <testcase name="multipleChoice()" classname="SILab2Test" time="0.003"/>
  <system-out><![CDATA[]]></system-out>
  <system-err><![CDATA[]]></system-err>
</testsuite>
